#-----------------------------------------------------------
# Vivado v2017.1 (64-bit)
# SW Build 1846317 on Fri Apr 14 18:55:03 MDT 2017
# IP Build 1846188 on Fri Apr 14 20:52:08 MDT 2017
# Start of session at: Sat Dec  2 11:22:38 2017
# Process ID: 2124
# Current directory: C:/Users/Jason/Developer/GitHub/MIPS-101
# Command line: vivado.exe -gui_launcher_event rodinguilauncherevent10788 C:\Users\Jason\Developer\GitHub\MIPS-101\thinpad_top.xpr
# Log file: C:/Users/Jason/Developer/GitHub/MIPS-101/vivado.log
# Journal file: C:/Users/Jason/Developer/GitHub/MIPS-101\vivado.jou
#-----------------------------------------------------------
start_gui
open_project C:/Users/Jason/Developer/GitHub/MIPS-101/thinpad_top.xpr
INFO: [Project 1-313] Project file moved from 'D:/files/Junior1/Computer_Organization/Projects/alu/MIPS-101' since last save.
CRITICAL WARNING: [Project 1-311] Could not find the file 'C:/Users/Jason/Developer/GitHub/MIPS-101/thinpad_top.srcs/sources_1/new/async.v', nor could it be found using path 'D:/files/Junior1/Computer_Organization/Projects/alu/MIPS-101/thinpad_top.srcs/sources_1/new/async.v'.
CRITICAL WARNING: [Project 1-311] Could not find the file 'C:/Users/Jason/Developer/GitHub/MIPS-101/thinpad_top.srcs/sources_1/new/vga.v', nor could it be found using path 'D:/files/Junior1/Computer_Organization/Projects/alu/MIPS-101/thinpad_top.srcs/sources_1/new/vga.v'.
CRITICAL WARNING: [Project 1-311] Could not find the file 'C:/Users/Jason/Developer/GitHub/MIPS-101/thinpad_top.srcs/sources_1/new/thinpad_top.v', nor could it be found using path 'D:/files/Junior1/Computer_Organization/Projects/alu/MIPS-101/thinpad_top.srcs/sources_1/new/thinpad_top.v'.
Scanning sources...
Finished scanning sources
WARNING: [filemgmt 56-2] IPUserFilesDir: Could not find the directory 'C:/Users/Jason/Developer/GitHub/MIPS-101/thinpad_top.ip_user_files', nor could it be found using path 'D:/files/Junior1/Computer_Organization/Projects/alu/MIPS-101/thinpad_top.ip_user_files'.
INFO: [IP_Flow 19-234] Refreshing IP repositories
INFO: [IP_Flow 19-1704] No user IP repositories specified
INFO: [IP_Flow 19-2313] Loaded Vivado IP repository 'D:/Xilinx/Vivado/2017.1/data/ip'.
open_project: Time (s): cpu = 00:00:09 ; elapsed = 00:00:07 . Memory (MB): peak = 828.008 ; gain = 73.938
update_compile_order -fileset sources_1
remove_files  C:/Users/Jason/Developer/GitHub/MIPS-101/DVI_play.vhd
update_files -from_files C:/Users/Jason/Desktop/cpu/cpu.v -to_files C:/Users/Jason/Developer/GitHub/MIPS-101/thinpad_top.srcs/sources_1/new/thinpad_top.v -filesets [get_filesets *]
INFO: [filemgmt 20-762] Replacing file 'C:/Users/Jason/Developer/GitHub/MIPS-101/thinpad_top.srcs/sources_1/new/thinpad_top.v' with file 'C:/Users/Jason/Desktop/cpu/cpu.v'.
update_files -from_files C:/Users/Jason/Desktop/cpu/cpu.v -to_files C:/Users/Jason/Developer/GitHub/MIPS-101/thinpad_top.srcs/sources_1/new/async.v -filesets [get_filesets *]
INFO: [filemgmt 20-762] Replacing file 'C:/Users/Jason/Developer/GitHub/MIPS-101/thinpad_top.srcs/sources_1/new/async.v' with file 'C:/Users/Jason/Desktop/cpu/cpu.v'.
update_files -from_files C:/Users/Jason/Desktop/cpu/cpu.v -to_files C:/Users/Jason/Developer/GitHub/MIPS-101/thinpad_top.srcs/sources_1/new/vga.v -filesets [get_filesets *]
INFO: [filemgmt 20-762] Replacing file 'C:/Users/Jason/Developer/GitHub/MIPS-101/thinpad_top.srcs/sources_1/new/vga.v' with file 'C:/Users/Jason/Desktop/cpu/cpu.v'.
remove_files  C:/Users/Jason/Developer/GitHub/MIPS-101/thinpad_top.srcs/sources_1/new/SEG7_LUT.v
remove_files  C:/Users/Jason/Developer/GitHub/MIPS-101/dcm.vhd
reset_run synth_1
launch_runs impl_1 -to_step write_bitstream -jobs 8
[Sat Dec  2 11:31:18 2017] Launched synth_1...
Run output will be captured here: C:/Users/Jason/Developer/GitHub/MIPS-101/thinpad_top.runs/synth_1/runme.log
[Sat Dec  2 11:31:19 2017] Launched impl_1...
Run output will be captured here: C:/Users/Jason/Developer/GitHub/MIPS-101/thinpad_top.runs/impl_1/runme.log
reset_run synth_1
launch_runs impl_1 -to_step write_bitstream -jobs 8
[Sat Dec  2 11:47:51 2017] Launched synth_1...
Run output will be captured here: C:/Users/Jason/Developer/GitHub/MIPS-101/thinpad_top.runs/synth_1/runme.log
[Sat Dec  2 11:47:51 2017] Launched impl_1...
Run output will be captured here: C:/Users/Jason/Developer/GitHub/MIPS-101/thinpad_top.runs/impl_1/runme.log
