Copyright 1986-2017 Xilinx, Inc. All Rights Reserved.
-------------------------------------------------------------------------------------------------------------
| Tool Version : Vivado v.2017.1 (win64) Build 1846317 Fri Apr 14 18:55:03 MDT 2017
| Date         : Sat Dec  2 11:49:12 2017
| Host         : DESKTOP-NF4ET5G running 64-bit major release  (build 9200)
| Command      : report_methodology -file cpu_methodology_drc_routed.rpt -rpx cpu_methodology_drc_routed.rpx
| Design       : cpu
| Device       : xc7a100tfgg676-2L
| Speed File   : -2L
| Design State : Routed
-------------------------------------------------------------------------------------------------------------

Report Methodology

Table of Contents
-----------------
1. REPORT SUMMARY
2. REPORT DETAILS

1. REPORT SUMMARY
-----------------
            Netlist: netlist
          Floorplan: design_1
      Design limits: <entire design considered>
             Max violations: <unlimited>
             Violations found: 485
+-----------+----------+-------------------------------+------------+
| Rule      | Severity | Description                   | Violations |
+-----------+----------+-------------------------------+------------+
| TIMING-14 | Warning  | LUT on the clock tree         | 2          |
| TIMING-17 | Warning  | Non-clocked sequential cell   | 193        |
| TIMING-18 | Warning  | Missing input or output delay | 140        |
| TIMING-20 | Warning  | Non-clocked latch             | 150        |
+-----------+----------+-------------------------------+------------+

2. REPORT DETAILS
-----------------
TIMING-14#1 Warning
LUT on the clock tree  
The LUT n_0_1020_BUFG_inst_i_1 has been found on the clock tree. Run opt_design to optimize the clock trees, then re-run report_methodology. If LUT(s) are still present in the clock trees, modify the RTL or the synthesis options accordingly to move the clock gating logic to dedicated clock enable resources. Keep in mind that post-opt_design database cannot be used for pin-planning tasks
Related violations: <none>

TIMING-14#2 Warning
LUT on the clock tree  
The LUT u18/clk1_i_2 has been found on the clock tree. Run opt_design to optimize the clock trees, then re-run report_methodology. If LUT(s) are still present in the clock trees, modify the RTL or the synthesis options accordingly to move the clock gating logic to dedicated clock enable resources. Keep in mind that post-opt_design database cannot be used for pin-planning tasks
Related violations: <none>

TIMING-17#1 Warning
Non-clocked sequential cell  
The clock pin u1/PC_out_reg[0]/C is not reached by a timing clock
Related violations: <none>

TIMING-17#2 Warning
Non-clocked sequential cell  
The clock pin u1/PC_out_reg[10]/C is not reached by a timing clock
Related violations: <none>

TIMING-17#3 Warning
Non-clocked sequential cell  
The clock pin u1/PC_out_reg[11]/C is not reached by a timing clock
Related violations: <none>

TIMING-17#4 Warning
Non-clocked sequential cell  
The clock pin u1/PC_out_reg[12]/C is not reached by a timing clock
Related violations: <none>

TIMING-17#5 Warning
Non-clocked sequential cell  
The clock pin u1/PC_out_reg[13]/C is not reached by a timing clock
Related violations: <none>

TIMING-17#6 Warning
Non-clocked sequential cell  
The clock pin u1/PC_out_reg[14]/C is not reached by a timing clock
Related violations: <none>

TIMING-17#7 Warning
Non-clocked sequential cell  
The clock pin u1/PC_out_reg[15]/C is not reached by a timing clock
Related violations: <none>

TIMING-17#8 Warning
Non-clocked sequential cell  
The clock pin u1/PC_out_reg[1]/C is not reached by a timing clock
Related violations: <none>

TIMING-17#9 Warning
Non-clocked sequential cell  
The clock pin u1/PC_out_reg[2]/C is not reached by a timing clock
Related violations: <none>

TIMING-17#10 Warning
Non-clocked sequential cell  
The clock pin u1/PC_out_reg[3]/C is not reached by a timing clock
Related violations: <none>

TIMING-17#11 Warning
Non-clocked sequential cell  
The clock pin u1/PC_out_reg[4]/C is not reached by a timing clock
Related violations: <none>

TIMING-17#12 Warning
Non-clocked sequential cell  
The clock pin u1/PC_out_reg[5]/C is not reached by a timing clock
Related violations: <none>

TIMING-17#13 Warning
Non-clocked sequential cell  
The clock pin u1/PC_out_reg[6]/C is not reached by a timing clock
Related violations: <none>

TIMING-17#14 Warning
Non-clocked sequential cell  
The clock pin u1/PC_out_reg[7]/C is not reached by a timing clock
Related violations: <none>

TIMING-17#15 Warning
Non-clocked sequential cell  
The clock pin u1/PC_out_reg[8]/C is not reached by a timing clock
Related violations: <none>

TIMING-17#16 Warning
Non-clocked sequential cell  
The clock pin u1/PC_out_reg[9]/C is not reached by a timing clock
Related violations: <none>

TIMING-17#17 Warning
Non-clocked sequential cell  
The clock pin u13/ALUResult_out_reg[0]/C is not reached by a timing clock
Related violations: <none>

TIMING-17#18 Warning
Non-clocked sequential cell  
The clock pin u13/ALUResult_out_reg[10]/C is not reached by a timing clock
Related violations: <none>

TIMING-17#19 Warning
Non-clocked sequential cell  
The clock pin u13/ALUResult_out_reg[11]/C is not reached by a timing clock
Related violations: <none>

TIMING-17#20 Warning
Non-clocked sequential cell  
The clock pin u13/ALUResult_out_reg[12]/C is not reached by a timing clock
Related violations: <none>

TIMING-17#21 Warning
Non-clocked sequential cell  
The clock pin u13/ALUResult_out_reg[13]/C is not reached by a timing clock
Related violations: <none>

TIMING-17#22 Warning
Non-clocked sequential cell  
The clock pin u13/ALUResult_out_reg[14]/C is not reached by a timing clock
Related violations: <none>

TIMING-17#23 Warning
Non-clocked sequential cell  
The clock pin u13/ALUResult_out_reg[15]/C is not reached by a timing clock
Related violations: <none>

TIMING-17#24 Warning
Non-clocked sequential cell  
The clock pin u13/ALUResult_out_reg[1]/C is not reached by a timing clock
Related violations: <none>

TIMING-17#25 Warning
Non-clocked sequential cell  
The clock pin u13/ALUResult_out_reg[2]/C is not reached by a timing clock
Related violations: <none>

TIMING-17#26 Warning
Non-clocked sequential cell  
The clock pin u13/ALUResult_out_reg[3]/C is not reached by a timing clock
Related violations: <none>

TIMING-17#27 Warning
Non-clocked sequential cell  
The clock pin u13/ALUResult_out_reg[4]/C is not reached by a timing clock
Related violations: <none>

TIMING-17#28 Warning
Non-clocked sequential cell  
The clock pin u13/ALUResult_out_reg[5]/C is not reached by a timing clock
Related violations: <none>

TIMING-17#29 Warning
Non-clocked sequential cell  
The clock pin u13/ALUResult_out_reg[6]/C is not reached by a timing clock
Related violations: <none>

TIMING-17#30 Warning
Non-clocked sequential cell  
The clock pin u13/ALUResult_out_reg[7]/C is not reached by a timing clock
Related violations: <none>

TIMING-17#31 Warning
Non-clocked sequential cell  
The clock pin u13/ALUResult_out_reg[8]/C is not reached by a timing clock
Related violations: <none>

TIMING-17#32 Warning
Non-clocked sequential cell  
The clock pin u13/ALUResult_out_reg[9]/C is not reached by a timing clock
Related violations: <none>

TIMING-17#33 Warning
Non-clocked sequential cell  
The clock pin u13/MemRead_out_reg/C is not reached by a timing clock
Related violations: <none>

TIMING-17#34 Warning
Non-clocked sequential cell  
The clock pin u13/MemToReg_out_reg/C is not reached by a timing clock
Related violations: <none>

TIMING-17#35 Warning
Non-clocked sequential cell  
The clock pin u13/MemWrite_out_reg/C is not reached by a timing clock
Related violations: <none>

TIMING-17#36 Warning
Non-clocked sequential cell  
The clock pin u13/Rd_out_reg[0]/C is not reached by a timing clock
Related violations: <none>

TIMING-17#37 Warning
Non-clocked sequential cell  
The clock pin u13/Rd_out_reg[1]/C is not reached by a timing clock
Related violations: <none>

TIMING-17#38 Warning
Non-clocked sequential cell  
The clock pin u13/Rd_out_reg[2]/C is not reached by a timing clock
Related violations: <none>

TIMING-17#39 Warning
Non-clocked sequential cell  
The clock pin u13/Rd_out_reg[3]/C is not reached by a timing clock
Related violations: <none>

TIMING-17#40 Warning
Non-clocked sequential cell  
The clock pin u13/ReadData2_out_reg[0]/C is not reached by a timing clock
Related violations: <none>

TIMING-17#41 Warning
Non-clocked sequential cell  
The clock pin u13/ReadData2_out_reg[10]/C is not reached by a timing clock
Related violations: <none>

TIMING-17#42 Warning
Non-clocked sequential cell  
The clock pin u13/ReadData2_out_reg[11]/C is not reached by a timing clock
Related violations: <none>

TIMING-17#43 Warning
Non-clocked sequential cell  
The clock pin u13/ReadData2_out_reg[12]/C is not reached by a timing clock
Related violations: <none>

TIMING-17#44 Warning
Non-clocked sequential cell  
The clock pin u13/ReadData2_out_reg[13]/C is not reached by a timing clock
Related violations: <none>

TIMING-17#45 Warning
Non-clocked sequential cell  
The clock pin u13/ReadData2_out_reg[14]/C is not reached by a timing clock
Related violations: <none>

TIMING-17#46 Warning
Non-clocked sequential cell  
The clock pin u13/ReadData2_out_reg[15]/C is not reached by a timing clock
Related violations: <none>

TIMING-17#47 Warning
Non-clocked sequential cell  
The clock pin u13/ReadData2_out_reg[1]/C is not reached by a timing clock
Related violations: <none>

TIMING-17#48 Warning
Non-clocked sequential cell  
The clock pin u13/ReadData2_out_reg[2]/C is not reached by a timing clock
Related violations: <none>

TIMING-17#49 Warning
Non-clocked sequential cell  
The clock pin u13/ReadData2_out_reg[3]/C is not reached by a timing clock
Related violations: <none>

TIMING-17#50 Warning
Non-clocked sequential cell  
The clock pin u13/ReadData2_out_reg[4]/C is not reached by a timing clock
Related violations: <none>

TIMING-17#51 Warning
Non-clocked sequential cell  
The clock pin u13/ReadData2_out_reg[5]/C is not reached by a timing clock
Related violations: <none>

TIMING-17#52 Warning
Non-clocked sequential cell  
The clock pin u13/ReadData2_out_reg[6]/C is not reached by a timing clock
Related violations: <none>

TIMING-17#53 Warning
Non-clocked sequential cell  
The clock pin u13/ReadData2_out_reg[7]/C is not reached by a timing clock
Related violations: <none>

TIMING-17#54 Warning
Non-clocked sequential cell  
The clock pin u13/ReadData2_out_reg[8]/C is not reached by a timing clock
Related violations: <none>

TIMING-17#55 Warning
Non-clocked sequential cell  
The clock pin u13/ReadData2_out_reg[9]/C is not reached by a timing clock
Related violations: <none>

TIMING-17#56 Warning
Non-clocked sequential cell  
The clock pin u13/RegWrite_out_reg/C is not reached by a timing clock
Related violations: <none>

TIMING-17#57 Warning
Non-clocked sequential cell  
The clock pin u14/Rd_out_reg[0]/C is not reached by a timing clock
Related violations: <none>

TIMING-17#58 Warning
Non-clocked sequential cell  
The clock pin u14/Rd_out_reg[1]/C is not reached by a timing clock
Related violations: <none>

TIMING-17#59 Warning
Non-clocked sequential cell  
The clock pin u14/Rd_out_reg[2]/C is not reached by a timing clock
Related violations: <none>

TIMING-17#60 Warning
Non-clocked sequential cell  
The clock pin u14/Rd_out_reg[3]/C is not reached by a timing clock
Related violations: <none>

TIMING-17#61 Warning
Non-clocked sequential cell  
The clock pin u14/RegWrite_out_reg/C is not reached by a timing clock
Related violations: <none>

TIMING-17#62 Warning
Non-clocked sequential cell  
The clock pin u14/data_to_WB_reg[0]/C is not reached by a timing clock
Related violations: <none>

TIMING-17#63 Warning
Non-clocked sequential cell  
The clock pin u14/data_to_WB_reg[10]/C is not reached by a timing clock
Related violations: <none>

TIMING-17#64 Warning
Non-clocked sequential cell  
The clock pin u14/data_to_WB_reg[11]/C is not reached by a timing clock
Related violations: <none>

TIMING-17#65 Warning
Non-clocked sequential cell  
The clock pin u14/data_to_WB_reg[12]/C is not reached by a timing clock
Related violations: <none>

TIMING-17#66 Warning
Non-clocked sequential cell  
The clock pin u14/data_to_WB_reg[13]/C is not reached by a timing clock
Related violations: <none>

TIMING-17#67 Warning
Non-clocked sequential cell  
The clock pin u14/data_to_WB_reg[14]/C is not reached by a timing clock
Related violations: <none>

TIMING-17#68 Warning
Non-clocked sequential cell  
The clock pin u14/data_to_WB_reg[15]/C is not reached by a timing clock
Related violations: <none>

TIMING-17#69 Warning
Non-clocked sequential cell  
The clock pin u14/data_to_WB_reg[1]/C is not reached by a timing clock
Related violations: <none>

TIMING-17#70 Warning
Non-clocked sequential cell  
The clock pin u14/data_to_WB_reg[2]/C is not reached by a timing clock
Related violations: <none>

TIMING-17#71 Warning
Non-clocked sequential cell  
The clock pin u14/data_to_WB_reg[3]/C is not reached by a timing clock
Related violations: <none>

TIMING-17#72 Warning
Non-clocked sequential cell  
The clock pin u14/data_to_WB_reg[4]/C is not reached by a timing clock
Related violations: <none>

TIMING-17#73 Warning
Non-clocked sequential cell  
The clock pin u14/data_to_WB_reg[5]/C is not reached by a timing clock
Related violations: <none>

TIMING-17#74 Warning
Non-clocked sequential cell  
The clock pin u14/data_to_WB_reg[6]/C is not reached by a timing clock
Related violations: <none>

TIMING-17#75 Warning
Non-clocked sequential cell  
The clock pin u14/data_to_WB_reg[7]/C is not reached by a timing clock
Related violations: <none>

TIMING-17#76 Warning
Non-clocked sequential cell  
The clock pin u14/data_to_WB_reg[8]/C is not reached by a timing clock
Related violations: <none>

TIMING-17#77 Warning
Non-clocked sequential cell  
The clock pin u14/data_to_WB_reg[9]/C is not reached by a timing clock
Related violations: <none>

TIMING-17#78 Warning
Non-clocked sequential cell  
The clock pin u3/tmpCommand_reg[0]/C is not reached by a timing clock
Related violations: <none>

TIMING-17#79 Warning
Non-clocked sequential cell  
The clock pin u3/tmpCommand_reg[11]/C is not reached by a timing clock
Related violations: <none>

TIMING-17#80 Warning
Non-clocked sequential cell  
The clock pin u3/tmpCommand_reg[12]/C is not reached by a timing clock
Related violations: <none>

TIMING-17#81 Warning
Non-clocked sequential cell  
The clock pin u3/tmpCommand_reg[13]/C is not reached by a timing clock
Related violations: <none>

TIMING-17#82 Warning
Non-clocked sequential cell  
The clock pin u3/tmpCommand_reg[14]/C is not reached by a timing clock
Related violations: <none>

TIMING-17#83 Warning
Non-clocked sequential cell  
The clock pin u3/tmpCommand_reg[15]/C is not reached by a timing clock
Related violations: <none>

TIMING-17#84 Warning
Non-clocked sequential cell  
The clock pin u3/tmpCommand_reg[1]/C is not reached by a timing clock
Related violations: <none>

TIMING-17#85 Warning
Non-clocked sequential cell  
The clock pin u3/tmpCommand_reg[2]/C is not reached by a timing clock
Related violations: <none>

TIMING-17#86 Warning
Non-clocked sequential cell  
The clock pin u3/tmpCommand_reg[3]/C is not reached by a timing clock
Related violations: <none>

TIMING-17#87 Warning
Non-clocked sequential cell  
The clock pin u3/tmpCommand_reg[4]/C is not reached by a timing clock
Related violations: <none>

TIMING-17#88 Warning
Non-clocked sequential cell  
The clock pin u3/tmpPC_reg[0]/C is not reached by a timing clock
Related violations: <none>

TIMING-17#89 Warning
Non-clocked sequential cell  
The clock pin u3/tmpPC_reg[10]/C is not reached by a timing clock
Related violations: <none>

TIMING-17#90 Warning
Non-clocked sequential cell  
The clock pin u3/tmpPC_reg[11]/C is not reached by a timing clock
Related violations: <none>

TIMING-17#91 Warning
Non-clocked sequential cell  
The clock pin u3/tmpPC_reg[12]/C is not reached by a timing clock
Related violations: <none>

TIMING-17#92 Warning
Non-clocked sequential cell  
The clock pin u3/tmpPC_reg[13]/C is not reached by a timing clock
Related violations: <none>

TIMING-17#93 Warning
Non-clocked sequential cell  
The clock pin u3/tmpPC_reg[14]/C is not reached by a timing clock
Related violations: <none>

TIMING-17#94 Warning
Non-clocked sequential cell  
The clock pin u3/tmpPC_reg[15]/C is not reached by a timing clock
Related violations: <none>

TIMING-17#95 Warning
Non-clocked sequential cell  
The clock pin u3/tmpPC_reg[1]/C is not reached by a timing clock
Related violations: <none>

TIMING-17#96 Warning
Non-clocked sequential cell  
The clock pin u3/tmpPC_reg[2]/C is not reached by a timing clock
Related violations: <none>

TIMING-17#97 Warning
Non-clocked sequential cell  
The clock pin u3/tmpPC_reg[3]/C is not reached by a timing clock
Related violations: <none>

TIMING-17#98 Warning
Non-clocked sequential cell  
The clock pin u3/tmpPC_reg[4]/C is not reached by a timing clock
Related violations: <none>

TIMING-17#99 Warning
Non-clocked sequential cell  
The clock pin u3/tmpPC_reg[5]/C is not reached by a timing clock
Related violations: <none>

TIMING-17#100 Warning
Non-clocked sequential cell  
The clock pin u3/tmpPC_reg[6]/C is not reached by a timing clock
Related violations: <none>

TIMING-17#101 Warning
Non-clocked sequential cell  
The clock pin u3/tmpPC_reg[7]/C is not reached by a timing clock
Related violations: <none>

TIMING-17#102 Warning
Non-clocked sequential cell  
The clock pin u3/tmpPC_reg[8]/C is not reached by a timing clock
Related violations: <none>

TIMING-17#103 Warning
Non-clocked sequential cell  
The clock pin u3/tmpPC_reg[9]/C is not reached by a timing clock
Related violations: <none>

TIMING-17#104 Warning
Non-clocked sequential cell  
The clock pin u3/tmpRs_reg[0]/C is not reached by a timing clock
Related violations: <none>

TIMING-17#105 Warning
Non-clocked sequential cell  
The clock pin u3/tmpRs_reg[1]/C is not reached by a timing clock
Related violations: <none>

TIMING-17#106 Warning
Non-clocked sequential cell  
The clock pin u3/tmpRs_reg[2]/C is not reached by a timing clock
Related violations: <none>

TIMING-17#107 Warning
Non-clocked sequential cell  
The clock pin u3/tmpRt_reg[0]/C is not reached by a timing clock
Related violations: <none>

TIMING-17#108 Warning
Non-clocked sequential cell  
The clock pin u3/tmpRt_reg[1]/C is not reached by a timing clock
Related violations: <none>

TIMING-17#109 Warning
Non-clocked sequential cell  
The clock pin u3/tmpRt_reg[2]/C is not reached by a timing clock
Related violations: <none>

TIMING-17#110 Warning
Non-clocked sequential cell  
The clock pin u3/tmpT_reg/C is not reached by a timing clock
Related violations: <none>

TIMING-17#111 Warning
Non-clocked sequential cell  
The clock pin u8/ALUop_out_reg[0]/C is not reached by a timing clock
Related violations: <none>

TIMING-17#112 Warning
Non-clocked sequential cell  
The clock pin u8/ALUop_out_reg[1]/C is not reached by a timing clock
Related violations: <none>

TIMING-17#113 Warning
Non-clocked sequential cell  
The clock pin u8/ALUop_out_reg[2]/C is not reached by a timing clock
Related violations: <none>

TIMING-17#114 Warning
Non-clocked sequential cell  
The clock pin u8/ALUop_out_reg[3]/C is not reached by a timing clock
Related violations: <none>

TIMING-17#115 Warning
Non-clocked sequential cell  
The clock pin u8/ALUsrc_out_reg/C is not reached by a timing clock
Related violations: <none>

TIMING-17#116 Warning
Non-clocked sequential cell  
The clock pin u8/Jump_out_reg/C is not reached by a timing clock
Related violations: <none>

TIMING-17#117 Warning
Non-clocked sequential cell  
The clock pin u8/MFPC_out_reg/C is not reached by a timing clock
Related violations: <none>

TIMING-17#118 Warning
Non-clocked sequential cell  
The clock pin u8/MemRead_out_reg/C is not reached by a timing clock
Related violations: <none>

TIMING-17#119 Warning
Non-clocked sequential cell  
The clock pin u8/MemToReg_out_reg/C is not reached by a timing clock
Related violations: <none>

TIMING-17#120 Warning
Non-clocked sequential cell  
The clock pin u8/MemWrite_out_reg/C is not reached by a timing clock
Related violations: <none>

TIMING-17#121 Warning
Non-clocked sequential cell  
The clock pin u8/PC_out_reg[0]/C is not reached by a timing clock
Related violations: <none>

TIMING-17#122 Warning
Non-clocked sequential cell  
The clock pin u8/PC_out_reg[10]/C is not reached by a timing clock
Related violations: <none>

TIMING-17#123 Warning
Non-clocked sequential cell  
The clock pin u8/PC_out_reg[11]/C is not reached by a timing clock
Related violations: <none>

TIMING-17#124 Warning
Non-clocked sequential cell  
The clock pin u8/PC_out_reg[12]/C is not reached by a timing clock
Related violations: <none>

TIMING-17#125 Warning
Non-clocked sequential cell  
The clock pin u8/PC_out_reg[13]/C is not reached by a timing clock
Related violations: <none>

TIMING-17#126 Warning
Non-clocked sequential cell  
The clock pin u8/PC_out_reg[14]/C is not reached by a timing clock
Related violations: <none>

TIMING-17#127 Warning
Non-clocked sequential cell  
The clock pin u8/PC_out_reg[15]/C is not reached by a timing clock
Related violations: <none>

TIMING-17#128 Warning
Non-clocked sequential cell  
The clock pin u8/PC_out_reg[1]/C is not reached by a timing clock
Related violations: <none>

TIMING-17#129 Warning
Non-clocked sequential cell  
The clock pin u8/PC_out_reg[2]/C is not reached by a timing clock
Related violations: <none>

TIMING-17#130 Warning
Non-clocked sequential cell  
The clock pin u8/PC_out_reg[3]/C is not reached by a timing clock
Related violations: <none>

TIMING-17#131 Warning
Non-clocked sequential cell  
The clock pin u8/PC_out_reg[4]/C is not reached by a timing clock
Related violations: <none>

TIMING-17#132 Warning
Non-clocked sequential cell  
The clock pin u8/PC_out_reg[5]/C is not reached by a timing clock
Related violations: <none>

TIMING-17#133 Warning
Non-clocked sequential cell  
The clock pin u8/PC_out_reg[6]/C is not reached by a timing clock
Related violations: <none>

TIMING-17#134 Warning
Non-clocked sequential cell  
The clock pin u8/PC_out_reg[7]/C is not reached by a timing clock
Related violations: <none>

TIMING-17#135 Warning
Non-clocked sequential cell  
The clock pin u8/PC_out_reg[8]/C is not reached by a timing clock
Related violations: <none>

TIMING-17#136 Warning
Non-clocked sequential cell  
The clock pin u8/PC_out_reg[9]/C is not reached by a timing clock
Related violations: <none>

TIMING-17#137 Warning
Non-clocked sequential cell  
The clock pin u8/Rd_out_reg[0]/C is not reached by a timing clock
Related violations: <none>

TIMING-17#138 Warning
Non-clocked sequential cell  
The clock pin u8/Rd_out_reg[1]/C is not reached by a timing clock
Related violations: <none>

TIMING-17#139 Warning
Non-clocked sequential cell  
The clock pin u8/Rd_out_reg[2]/C is not reached by a timing clock
Related violations: <none>

TIMING-17#140 Warning
Non-clocked sequential cell  
The clock pin u8/Rd_out_reg[3]/C is not reached by a timing clock
Related violations: <none>

TIMING-17#141 Warning
Non-clocked sequential cell  
The clock pin u8/ReadData1_out_reg[0]/C is not reached by a timing clock
Related violations: <none>

TIMING-17#142 Warning
Non-clocked sequential cell  
The clock pin u8/ReadData1_out_reg[10]/C is not reached by a timing clock
Related violations: <none>

TIMING-17#143 Warning
Non-clocked sequential cell  
The clock pin u8/ReadData1_out_reg[11]/C is not reached by a timing clock
Related violations: <none>

TIMING-17#144 Warning
Non-clocked sequential cell  
The clock pin u8/ReadData1_out_reg[12]/C is not reached by a timing clock
Related violations: <none>

TIMING-17#145 Warning
Non-clocked sequential cell  
The clock pin u8/ReadData1_out_reg[13]/C is not reached by a timing clock
Related violations: <none>

TIMING-17#146 Warning
Non-clocked sequential cell  
The clock pin u8/ReadData1_out_reg[14]/C is not reached by a timing clock
Related violations: <none>

TIMING-17#147 Warning
Non-clocked sequential cell  
The clock pin u8/ReadData1_out_reg[15]/C is not reached by a timing clock
Related violations: <none>

TIMING-17#148 Warning
Non-clocked sequential cell  
The clock pin u8/ReadData1_out_reg[1]/C is not reached by a timing clock
Related violations: <none>

TIMING-17#149 Warning
Non-clocked sequential cell  
The clock pin u8/ReadData1_out_reg[2]/C is not reached by a timing clock
Related violations: <none>

TIMING-17#150 Warning
Non-clocked sequential cell  
The clock pin u8/ReadData1_out_reg[3]/C is not reached by a timing clock
Related violations: <none>

TIMING-17#151 Warning
Non-clocked sequential cell  
The clock pin u8/ReadData1_out_reg[4]/C is not reached by a timing clock
Related violations: <none>

TIMING-17#152 Warning
Non-clocked sequential cell  
The clock pin u8/ReadData1_out_reg[5]/C is not reached by a timing clock
Related violations: <none>

TIMING-17#153 Warning
Non-clocked sequential cell  
The clock pin u8/ReadData1_out_reg[6]/C is not reached by a timing clock
Related violations: <none>

TIMING-17#154 Warning
Non-clocked sequential cell  
The clock pin u8/ReadData1_out_reg[7]/C is not reached by a timing clock
Related violations: <none>

TIMING-17#155 Warning
Non-clocked sequential cell  
The clock pin u8/ReadData1_out_reg[8]/C is not reached by a timing clock
Related violations: <none>

TIMING-17#156 Warning
Non-clocked sequential cell  
The clock pin u8/ReadData1_out_reg[9]/C is not reached by a timing clock
Related violations: <none>

TIMING-17#157 Warning
Non-clocked sequential cell  
The clock pin u8/ReadData2_out_reg[0]/C is not reached by a timing clock
Related violations: <none>

TIMING-17#158 Warning
Non-clocked sequential cell  
The clock pin u8/ReadData2_out_reg[10]/C is not reached by a timing clock
Related violations: <none>

TIMING-17#159 Warning
Non-clocked sequential cell  
The clock pin u8/ReadData2_out_reg[11]/C is not reached by a timing clock
Related violations: <none>

TIMING-17#160 Warning
Non-clocked sequential cell  
The clock pin u8/ReadData2_out_reg[12]/C is not reached by a timing clock
Related violations: <none>

TIMING-17#161 Warning
Non-clocked sequential cell  
The clock pin u8/ReadData2_out_reg[13]/C is not reached by a timing clock
Related violations: <none>

TIMING-17#162 Warning
Non-clocked sequential cell  
The clock pin u8/ReadData2_out_reg[14]/C is not reached by a timing clock
Related violations: <none>

TIMING-17#163 Warning
Non-clocked sequential cell  
The clock pin u8/ReadData2_out_reg[15]/C is not reached by a timing clock
Related violations: <none>

TIMING-17#164 Warning
Non-clocked sequential cell  
The clock pin u8/ReadData2_out_reg[1]/C is not reached by a timing clock
Related violations: <none>

TIMING-17#165 Warning
Non-clocked sequential cell  
The clock pin u8/ReadData2_out_reg[2]/C is not reached by a timing clock
Related violations: <none>

TIMING-17#166 Warning
Non-clocked sequential cell  
The clock pin u8/ReadData2_out_reg[3]/C is not reached by a timing clock
Related violations: <none>

TIMING-17#167 Warning
Non-clocked sequential cell  
The clock pin u8/ReadData2_out_reg[4]/C is not reached by a timing clock
Related violations: <none>

TIMING-17#168 Warning
Non-clocked sequential cell  
The clock pin u8/ReadData2_out_reg[5]/C is not reached by a timing clock
Related violations: <none>

TIMING-17#169 Warning
Non-clocked sequential cell  
The clock pin u8/ReadData2_out_reg[6]/C is not reached by a timing clock
Related violations: <none>

TIMING-17#170 Warning
Non-clocked sequential cell  
The clock pin u8/ReadData2_out_reg[7]/C is not reached by a timing clock
Related violations: <none>

TIMING-17#171 Warning
Non-clocked sequential cell  
The clock pin u8/ReadData2_out_reg[8]/C is not reached by a timing clock
Related violations: <none>

TIMING-17#172 Warning
Non-clocked sequential cell  
The clock pin u8/ReadData2_out_reg[9]/C is not reached by a timing clock
Related violations: <none>

TIMING-17#173 Warning
Non-clocked sequential cell  
The clock pin u8/Reg1_out_reg[0]/C is not reached by a timing clock
Related violations: <none>

TIMING-17#174 Warning
Non-clocked sequential cell  
The clock pin u8/Reg1_out_reg[1]/C is not reached by a timing clock
Related violations: <none>

TIMING-17#175 Warning
Non-clocked sequential cell  
The clock pin u8/Reg1_out_reg[2]/C is not reached by a timing clock
Related violations: <none>

TIMING-17#176 Warning
Non-clocked sequential cell  
The clock pin u8/Reg1_out_reg[3]/C is not reached by a timing clock
Related violations: <none>

TIMING-17#177 Warning
Non-clocked sequential cell  
The clock pin u8/Reg2_out_reg[0]/C is not reached by a timing clock
Related violations: <none>

TIMING-17#178 Warning
Non-clocked sequential cell  
The clock pin u8/Reg2_out_reg[1]/C is not reached by a timing clock
Related violations: <none>

TIMING-17#179 Warning
Non-clocked sequential cell  
The clock pin u8/Reg2_out_reg[2]/C is not reached by a timing clock
Related violations: <none>

TIMING-17#180 Warning
Non-clocked sequential cell  
The clock pin u8/Reg2_out_reg[3]/C is not reached by a timing clock
Related violations: <none>

TIMING-17#181 Warning
Non-clocked sequential cell  
The clock pin u8/RegWrite_out_reg/C is not reached by a timing clock
Related violations: <none>

TIMING-17#182 Warning
Non-clocked sequential cell  
The clock pin u8/imme_out_reg[0]/C is not reached by a timing clock
Related violations: <none>

TIMING-17#183 Warning
Non-clocked sequential cell  
The clock pin u8/imme_out_reg[10]/C is not reached by a timing clock
Related violations: <none>

TIMING-17#184 Warning
Non-clocked sequential cell  
The clock pin u8/imme_out_reg[14]/C is not reached by a timing clock
Related violations: <none>

TIMING-17#185 Warning
Non-clocked sequential cell  
The clock pin u8/imme_out_reg[1]/C is not reached by a timing clock
Related violations: <none>

TIMING-17#186 Warning
Non-clocked sequential cell  
The clock pin u8/imme_out_reg[2]/C is not reached by a timing clock
Related violations: <none>

TIMING-17#187 Warning
Non-clocked sequential cell  
The clock pin u8/imme_out_reg[3]/C is not reached by a timing clock
Related violations: <none>

TIMING-17#188 Warning
Non-clocked sequential cell  
The clock pin u8/imme_out_reg[4]/C is not reached by a timing clock
Related violations: <none>

TIMING-17#189 Warning
Non-clocked sequential cell  
The clock pin u8/imme_out_reg[5]/C is not reached by a timing clock
Related violations: <none>

TIMING-17#190 Warning
Non-clocked sequential cell  
The clock pin u8/imme_out_reg[6]/C is not reached by a timing clock
Related violations: <none>

TIMING-17#191 Warning
Non-clocked sequential cell  
The clock pin u8/imme_out_reg[7]/C is not reached by a timing clock
Related violations: <none>

TIMING-17#192 Warning
Non-clocked sequential cell  
The clock pin u8/imme_out_reg[8]/C is not reached by a timing clock
Related violations: <none>

TIMING-17#193 Warning
Non-clocked sequential cell  
The clock pin u8/imme_out_reg[9]/C is not reached by a timing clock
Related violations: <none>

TIMING-18#1 Warning
Missing input or output delay  
An input delay is missing on base_ram_data[0] relative to clock(s) clk_in 
Related violations: <none>

TIMING-18#2 Warning
Missing input or output delay  
An input delay is missing on base_ram_data[10] relative to clock(s) clk_in 
Related violations: <none>

TIMING-18#3 Warning
Missing input or output delay  
An input delay is missing on base_ram_data[11] relative to clock(s) clk_in 
Related violations: <none>

TIMING-18#4 Warning
Missing input or output delay  
An input delay is missing on base_ram_data[12] relative to clock(s) clk_in 
Related violations: <none>

TIMING-18#5 Warning
Missing input or output delay  
An input delay is missing on base_ram_data[13] relative to clock(s) clk_in 
Related violations: <none>

TIMING-18#6 Warning
Missing input or output delay  
An input delay is missing on base_ram_data[14] relative to clock(s) clk_in 
Related violations: <none>

TIMING-18#7 Warning
Missing input or output delay  
An input delay is missing on base_ram_data[15] relative to clock(s) clk_in 
Related violations: <none>

TIMING-18#8 Warning
Missing input or output delay  
An input delay is missing on base_ram_data[16] relative to clock(s) clk_in 
Related violations: <none>

TIMING-18#9 Warning
Missing input or output delay  
An input delay is missing on base_ram_data[17] relative to clock(s) clk_in 
Related violations: <none>

TIMING-18#10 Warning
Missing input or output delay  
An input delay is missing on base_ram_data[18] relative to clock(s) clk_in 
Related violations: <none>

TIMING-18#11 Warning
Missing input or output delay  
An input delay is missing on base_ram_data[19] relative to clock(s) clk_in 
Related violations: <none>

TIMING-18#12 Warning
Missing input or output delay  
An input delay is missing on base_ram_data[1] relative to clock(s) clk_in 
Related violations: <none>

TIMING-18#13 Warning
Missing input or output delay  
An input delay is missing on base_ram_data[20] relative to clock(s) clk_in 
Related violations: <none>

TIMING-18#14 Warning
Missing input or output delay  
An input delay is missing on base_ram_data[21] relative to clock(s) clk_in 
Related violations: <none>

TIMING-18#15 Warning
Missing input or output delay  
An input delay is missing on base_ram_data[22] relative to clock(s) clk_in 
Related violations: <none>

TIMING-18#16 Warning
Missing input or output delay  
An input delay is missing on base_ram_data[23] relative to clock(s) clk_in 
Related violations: <none>

TIMING-18#17 Warning
Missing input or output delay  
An input delay is missing on base_ram_data[24] relative to clock(s) clk_in 
Related violations: <none>

TIMING-18#18 Warning
Missing input or output delay  
An input delay is missing on base_ram_data[25] relative to clock(s) clk_in 
Related violations: <none>

TIMING-18#19 Warning
Missing input or output delay  
An input delay is missing on base_ram_data[26] relative to clock(s) clk_in 
Related violations: <none>

TIMING-18#20 Warning
Missing input or output delay  
An input delay is missing on base_ram_data[27] relative to clock(s) clk_in 
Related violations: <none>

TIMING-18#21 Warning
Missing input or output delay  
An input delay is missing on base_ram_data[28] relative to clock(s) clk_in 
Related violations: <none>

TIMING-18#22 Warning
Missing input or output delay  
An input delay is missing on base_ram_data[29] relative to clock(s) clk_in 
Related violations: <none>

TIMING-18#23 Warning
Missing input or output delay  
An input delay is missing on base_ram_data[2] relative to clock(s) clk_in 
Related violations: <none>

TIMING-18#24 Warning
Missing input or output delay  
An input delay is missing on base_ram_data[30] relative to clock(s) clk_in 
Related violations: <none>

TIMING-18#25 Warning
Missing input or output delay  
An input delay is missing on base_ram_data[31] relative to clock(s) clk_in 
Related violations: <none>

TIMING-18#26 Warning
Missing input or output delay  
An input delay is missing on base_ram_data[3] relative to clock(s) clk_in 
Related violations: <none>

TIMING-18#27 Warning
Missing input or output delay  
An input delay is missing on base_ram_data[4] relative to clock(s) clk_in 
Related violations: <none>

TIMING-18#28 Warning
Missing input or output delay  
An input delay is missing on base_ram_data[5] relative to clock(s) clk_in 
Related violations: <none>

TIMING-18#29 Warning
Missing input or output delay  
An input delay is missing on base_ram_data[6] relative to clock(s) clk_in 
Related violations: <none>

TIMING-18#30 Warning
Missing input or output delay  
An input delay is missing on base_ram_data[7] relative to clock(s) clk_in 
Related violations: <none>

TIMING-18#31 Warning
Missing input or output delay  
An input delay is missing on base_ram_data[8] relative to clock(s) clk_in 
Related violations: <none>

TIMING-18#32 Warning
Missing input or output delay  
An input delay is missing on base_ram_data[9] relative to clock(s) clk_in 
Related violations: <none>

TIMING-18#33 Warning
Missing input or output delay  
An input delay is missing on ext_ram_data[0] relative to clock(s) clk_in 
Related violations: <none>

TIMING-18#34 Warning
Missing input or output delay  
An input delay is missing on ext_ram_data[10] relative to clock(s) clk_in 
Related violations: <none>

TIMING-18#35 Warning
Missing input or output delay  
An input delay is missing on ext_ram_data[11] relative to clock(s) clk_in 
Related violations: <none>

TIMING-18#36 Warning
Missing input or output delay  
An input delay is missing on ext_ram_data[12] relative to clock(s) clk_in 
Related violations: <none>

TIMING-18#37 Warning
Missing input or output delay  
An input delay is missing on ext_ram_data[13] relative to clock(s) clk_in 
Related violations: <none>

TIMING-18#38 Warning
Missing input or output delay  
An input delay is missing on ext_ram_data[14] relative to clock(s) clk_in 
Related violations: <none>

TIMING-18#39 Warning
Missing input or output delay  
An input delay is missing on ext_ram_data[15] relative to clock(s) clk_in 
Related violations: <none>

TIMING-18#40 Warning
Missing input or output delay  
An input delay is missing on ext_ram_data[16] relative to clock(s) clk_in 
Related violations: <none>

TIMING-18#41 Warning
Missing input or output delay  
An input delay is missing on ext_ram_data[17] relative to clock(s) clk_in 
Related violations: <none>

TIMING-18#42 Warning
Missing input or output delay  
An input delay is missing on ext_ram_data[18] relative to clock(s) clk_in 
Related violations: <none>

TIMING-18#43 Warning
Missing input or output delay  
An input delay is missing on ext_ram_data[19] relative to clock(s) clk_in 
Related violations: <none>

TIMING-18#44 Warning
Missing input or output delay  
An input delay is missing on ext_ram_data[1] relative to clock(s) clk_in 
Related violations: <none>

TIMING-18#45 Warning
Missing input or output delay  
An input delay is missing on ext_ram_data[20] relative to clock(s) clk_in 
Related violations: <none>

TIMING-18#46 Warning
Missing input or output delay  
An input delay is missing on ext_ram_data[21] relative to clock(s) clk_in 
Related violations: <none>

TIMING-18#47 Warning
Missing input or output delay  
An input delay is missing on ext_ram_data[22] relative to clock(s) clk_in 
Related violations: <none>

TIMING-18#48 Warning
Missing input or output delay  
An input delay is missing on ext_ram_data[23] relative to clock(s) clk_in 
Related violations: <none>

TIMING-18#49 Warning
Missing input or output delay  
An input delay is missing on ext_ram_data[24] relative to clock(s) clk_in 
Related violations: <none>

TIMING-18#50 Warning
Missing input or output delay  
An input delay is missing on ext_ram_data[25] relative to clock(s) clk_in 
Related violations: <none>

TIMING-18#51 Warning
Missing input or output delay  
An input delay is missing on ext_ram_data[26] relative to clock(s) clk_in 
Related violations: <none>

TIMING-18#52 Warning
Missing input or output delay  
An input delay is missing on ext_ram_data[27] relative to clock(s) clk_in 
Related violations: <none>

TIMING-18#53 Warning
Missing input or output delay  
An input delay is missing on ext_ram_data[28] relative to clock(s) clk_in 
Related violations: <none>

TIMING-18#54 Warning
Missing input or output delay  
An input delay is missing on ext_ram_data[29] relative to clock(s) clk_in 
Related violations: <none>

TIMING-18#55 Warning
Missing input or output delay  
An input delay is missing on ext_ram_data[2] relative to clock(s) clk_in 
Related violations: <none>

TIMING-18#56 Warning
Missing input or output delay  
An input delay is missing on ext_ram_data[30] relative to clock(s) clk_in 
Related violations: <none>

TIMING-18#57 Warning
Missing input or output delay  
An input delay is missing on ext_ram_data[31] relative to clock(s) clk_in 
Related violations: <none>

TIMING-18#58 Warning
Missing input or output delay  
An input delay is missing on ext_ram_data[3] relative to clock(s) clk_in 
Related violations: <none>

TIMING-18#59 Warning
Missing input or output delay  
An input delay is missing on ext_ram_data[4] relative to clock(s) clk_in 
Related violations: <none>

TIMING-18#60 Warning
Missing input or output delay  
An input delay is missing on ext_ram_data[5] relative to clock(s) clk_in 
Related violations: <none>

TIMING-18#61 Warning
Missing input or output delay  
An input delay is missing on ext_ram_data[6] relative to clock(s) clk_in 
Related violations: <none>

TIMING-18#62 Warning
Missing input or output delay  
An input delay is missing on ext_ram_data[7] relative to clock(s) clk_in 
Related violations: <none>

TIMING-18#63 Warning
Missing input or output delay  
An input delay is missing on ext_ram_data[8] relative to clock(s) clk_in 
Related violations: <none>

TIMING-18#64 Warning
Missing input or output delay  
An input delay is missing on ext_ram_data[9] relative to clock(s) clk_in 
Related violations: <none>

TIMING-18#65 Warning
Missing input or output delay  
An input delay is missing on flash_data[0] relative to clock(s) clk_in 
Related violations: <none>

TIMING-18#66 Warning
Missing input or output delay  
An input delay is missing on flash_data[10] relative to clock(s) clk_in 
Related violations: <none>

TIMING-18#67 Warning
Missing input or output delay  
An input delay is missing on flash_data[11] relative to clock(s) clk_in 
Related violations: <none>

TIMING-18#68 Warning
Missing input or output delay  
An input delay is missing on flash_data[12] relative to clock(s) clk_in 
Related violations: <none>

TIMING-18#69 Warning
Missing input or output delay  
An input delay is missing on flash_data[13] relative to clock(s) clk_in 
Related violations: <none>

TIMING-18#70 Warning
Missing input or output delay  
An input delay is missing on flash_data[14] relative to clock(s) clk_in 
Related violations: <none>

TIMING-18#71 Warning
Missing input or output delay  
An input delay is missing on flash_data[15] relative to clock(s) clk_in 
Related violations: <none>

TIMING-18#72 Warning
Missing input or output delay  
An input delay is missing on flash_data[1] relative to clock(s) clk_in 
Related violations: <none>

TIMING-18#73 Warning
Missing input or output delay  
An input delay is missing on flash_data[2] relative to clock(s) clk_in 
Related violations: <none>

TIMING-18#74 Warning
Missing input or output delay  
An input delay is missing on flash_data[3] relative to clock(s) clk_in 
Related violations: <none>

TIMING-18#75 Warning
Missing input or output delay  
An input delay is missing on flash_data[4] relative to clock(s) clk_in 
Related violations: <none>

TIMING-18#76 Warning
Missing input or output delay  
An input delay is missing on flash_data[5] relative to clock(s) clk_in 
Related violations: <none>

TIMING-18#77 Warning
Missing input or output delay  
An input delay is missing on flash_data[6] relative to clock(s) clk_in 
Related violations: <none>

TIMING-18#78 Warning
Missing input or output delay  
An input delay is missing on flash_data[7] relative to clock(s) clk_in 
Related violations: <none>

TIMING-18#79 Warning
Missing input or output delay  
An input delay is missing on flash_data[8] relative to clock(s) clk_in 
Related violations: <none>

TIMING-18#80 Warning
Missing input or output delay  
An input delay is missing on flash_data[9] relative to clock(s) clk_in 
Related violations: <none>

TIMING-18#81 Warning
Missing input or output delay  
An input delay is missing on touch_btn[0] relative to clock(s) clk_in 
Related violations: <none>

TIMING-18#82 Warning
Missing input or output delay  
An input delay is missing on touch_btn[1] relative to clock(s) clk_in 
Related violations: <none>

TIMING-18#83 Warning
Missing input or output delay  
An input delay is missing on touch_btn[2] relative to clock(s) clk_in 
Related violations: <none>

TIMING-18#84 Warning
Missing input or output delay  
An input delay is missing on touch_btn[3] relative to clock(s) clk_in 
Related violations: <none>

TIMING-18#85 Warning
Missing input or output delay  
An input delay is missing on touch_btn[4] relative to clock(s) clk_in 
Related violations: <none>

TIMING-18#86 Warning
Missing input or output delay  
An input delay is missing on touch_btn[5] relative to clock(s) clk_in 
Related violations: <none>

TIMING-18#87 Warning
Missing input or output delay  
An input delay is missing on uart_dataready relative to clock(s) clk_in 
Related violations: <none>

TIMING-18#88 Warning
Missing input or output delay  
An input delay is missing on uart_rdn relative to clock(s) clk_in 
Related violations: <none>

TIMING-18#89 Warning
Missing input or output delay  
An input delay is missing on uart_tbre relative to clock(s) clk_in 
Related violations: <none>

TIMING-18#90 Warning
Missing input or output delay  
An input delay is missing on uart_tsre relative to clock(s) clk_in 
Related violations: <none>

TIMING-18#91 Warning
Missing input or output delay  
An input delay is missing on uart_wrn relative to clock(s) clk_in 
Related violations: <none>

TIMING-18#92 Warning
Missing input or output delay  
An output delay is missing on ext_ram_addr[0] relative to clock(s) clk_in 
Related violations: <none>

TIMING-18#93 Warning
Missing input or output delay  
An output delay is missing on ext_ram_addr[10] relative to clock(s) clk_in 
Related violations: <none>

TIMING-18#94 Warning
Missing input or output delay  
An output delay is missing on ext_ram_addr[11] relative to clock(s) clk_in 
Related violations: <none>

TIMING-18#95 Warning
Missing input or output delay  
An output delay is missing on ext_ram_addr[12] relative to clock(s) clk_in 
Related violations: <none>

TIMING-18#96 Warning
Missing input or output delay  
An output delay is missing on ext_ram_addr[13] relative to clock(s) clk_in 
Related violations: <none>

TIMING-18#97 Warning
Missing input or output delay  
An output delay is missing on ext_ram_addr[14] relative to clock(s) clk_in 
Related violations: <none>

TIMING-18#98 Warning
Missing input or output delay  
An output delay is missing on ext_ram_addr[15] relative to clock(s) clk_in 
Related violations: <none>

TIMING-18#99 Warning
Missing input or output delay  
An output delay is missing on ext_ram_addr[16] relative to clock(s) clk_in 
Related violations: <none>

TIMING-18#100 Warning
Missing input or output delay  
An output delay is missing on ext_ram_addr[17] relative to clock(s) clk_in 
Related violations: <none>

TIMING-18#101 Warning
Missing input or output delay  
An output delay is missing on ext_ram_addr[18] relative to clock(s) clk_in 
Related violations: <none>

TIMING-18#102 Warning
Missing input or output delay  
An output delay is missing on ext_ram_addr[19] relative to clock(s) clk_in 
Related violations: <none>

TIMING-18#103 Warning
Missing input or output delay  
An output delay is missing on ext_ram_addr[1] relative to clock(s) clk_in 
Related violations: <none>

TIMING-18#104 Warning
Missing input or output delay  
An output delay is missing on ext_ram_addr[2] relative to clock(s) clk_in 
Related violations: <none>

TIMING-18#105 Warning
Missing input or output delay  
An output delay is missing on ext_ram_addr[3] relative to clock(s) clk_in 
Related violations: <none>

TIMING-18#106 Warning
Missing input or output delay  
An output delay is missing on ext_ram_addr[4] relative to clock(s) clk_in 
Related violations: <none>

TIMING-18#107 Warning
Missing input or output delay  
An output delay is missing on ext_ram_addr[5] relative to clock(s) clk_in 
Related violations: <none>

TIMING-18#108 Warning
Missing input or output delay  
An output delay is missing on ext_ram_addr[6] relative to clock(s) clk_in 
Related violations: <none>

TIMING-18#109 Warning
Missing input or output delay  
An output delay is missing on ext_ram_addr[7] relative to clock(s) clk_in 
Related violations: <none>

TIMING-18#110 Warning
Missing input or output delay  
An output delay is missing on ext_ram_addr[8] relative to clock(s) clk_in 
Related violations: <none>

TIMING-18#111 Warning
Missing input or output delay  
An output delay is missing on ext_ram_addr[9] relative to clock(s) clk_in 
Related violations: <none>

TIMING-18#112 Warning
Missing input or output delay  
An output delay is missing on ext_ram_ce_n relative to clock(s) clk_in 
Related violations: <none>

TIMING-18#113 Warning
Missing input or output delay  
An output delay is missing on ext_ram_oe_n relative to clock(s) clk_in 
Related violations: <none>

TIMING-18#114 Warning
Missing input or output delay  
An output delay is missing on ext_ram_we_n relative to clock(s) clk_in 
Related violations: <none>

TIMING-18#115 Warning
Missing input or output delay  
An output delay is missing on flash_a[0] relative to clock(s) clk_in 
Related violations: <none>

TIMING-18#116 Warning
Missing input or output delay  
An output delay is missing on flash_a[10] relative to clock(s) clk_in 
Related violations: <none>

TIMING-18#117 Warning
Missing input or output delay  
An output delay is missing on flash_a[11] relative to clock(s) clk_in 
Related violations: <none>

TIMING-18#118 Warning
Missing input or output delay  
An output delay is missing on flash_a[12] relative to clock(s) clk_in 
Related violations: <none>

TIMING-18#119 Warning
Missing input or output delay  
An output delay is missing on flash_a[13] relative to clock(s) clk_in 
Related violations: <none>

TIMING-18#120 Warning
Missing input or output delay  
An output delay is missing on flash_a[14] relative to clock(s) clk_in 
Related violations: <none>

TIMING-18#121 Warning
Missing input or output delay  
An output delay is missing on flash_a[15] relative to clock(s) clk_in 
Related violations: <none>

TIMING-18#122 Warning
Missing input or output delay  
An output delay is missing on flash_a[16] relative to clock(s) clk_in 
Related violations: <none>

TIMING-18#123 Warning
Missing input or output delay  
An output delay is missing on flash_a[17] relative to clock(s) clk_in 
Related violations: <none>

TIMING-18#124 Warning
Missing input or output delay  
An output delay is missing on flash_a[18] relative to clock(s) clk_in 
Related violations: <none>

TIMING-18#125 Warning
Missing input or output delay  
An output delay is missing on flash_a[19] relative to clock(s) clk_in 
Related violations: <none>

TIMING-18#126 Warning
Missing input or output delay  
An output delay is missing on flash_a[1] relative to clock(s) clk_in 
Related violations: <none>

TIMING-18#127 Warning
Missing input or output delay  
An output delay is missing on flash_a[20] relative to clock(s) clk_in 
Related violations: <none>

TIMING-18#128 Warning
Missing input or output delay  
An output delay is missing on flash_a[21] relative to clock(s) clk_in 
Related violations: <none>

TIMING-18#129 Warning
Missing input or output delay  
An output delay is missing on flash_a[22] relative to clock(s) clk_in 
Related violations: <none>

TIMING-18#130 Warning
Missing input or output delay  
An output delay is missing on flash_a[2] relative to clock(s) clk_in 
Related violations: <none>

TIMING-18#131 Warning
Missing input or output delay  
An output delay is missing on flash_a[3] relative to clock(s) clk_in 
Related violations: <none>

TIMING-18#132 Warning
Missing input or output delay  
An output delay is missing on flash_a[4] relative to clock(s) clk_in 
Related violations: <none>

TIMING-18#133 Warning
Missing input or output delay  
An output delay is missing on flash_a[5] relative to clock(s) clk_in 
Related violations: <none>

TIMING-18#134 Warning
Missing input or output delay  
An output delay is missing on flash_a[6] relative to clock(s) clk_in 
Related violations: <none>

TIMING-18#135 Warning
Missing input or output delay  
An output delay is missing on flash_a[7] relative to clock(s) clk_in 
Related violations: <none>

TIMING-18#136 Warning
Missing input or output delay  
An output delay is missing on flash_a[8] relative to clock(s) clk_in 
Related violations: <none>

TIMING-18#137 Warning
Missing input or output delay  
An output delay is missing on flash_a[9] relative to clock(s) clk_in 
Related violations: <none>

TIMING-18#138 Warning
Missing input or output delay  
An output delay is missing on flash_ce_n relative to clock(s) clk_in 
Related violations: <none>

TIMING-18#139 Warning
Missing input or output delay  
An output delay is missing on flash_oe_n relative to clock(s) clk_in 
Related violations: <none>

TIMING-18#140 Warning
Missing input or output delay  
An output delay is missing on flash_we_n relative to clock(s) clk_in 
Related violations: <none>

TIMING-20#1 Warning
Non-clocked latch  
The latch u10/Bsrc_out_reg[0] cannot be properly analyzed as its control pin u10/Bsrc_out_reg[0]/G is not reached by a timing clock
Related violations: <none>

TIMING-20#2 Warning
Non-clocked latch  
The latch u10/Bsrc_out_reg[10] cannot be properly analyzed as its control pin u10/Bsrc_out_reg[10]/G is not reached by a timing clock
Related violations: <none>

TIMING-20#3 Warning
Non-clocked latch  
The latch u10/Bsrc_out_reg[11] cannot be properly analyzed as its control pin u10/Bsrc_out_reg[11]/G is not reached by a timing clock
Related violations: <none>

TIMING-20#4 Warning
Non-clocked latch  
The latch u10/Bsrc_out_reg[12] cannot be properly analyzed as its control pin u10/Bsrc_out_reg[12]/G is not reached by a timing clock
Related violations: <none>

TIMING-20#5 Warning
Non-clocked latch  
The latch u10/Bsrc_out_reg[13] cannot be properly analyzed as its control pin u10/Bsrc_out_reg[13]/G is not reached by a timing clock
Related violations: <none>

TIMING-20#6 Warning
Non-clocked latch  
The latch u10/Bsrc_out_reg[14] cannot be properly analyzed as its control pin u10/Bsrc_out_reg[14]/G is not reached by a timing clock
Related violations: <none>

TIMING-20#7 Warning
Non-clocked latch  
The latch u10/Bsrc_out_reg[15] cannot be properly analyzed as its control pin u10/Bsrc_out_reg[15]/G is not reached by a timing clock
Related violations: <none>

TIMING-20#8 Warning
Non-clocked latch  
The latch u10/Bsrc_out_reg[1] cannot be properly analyzed as its control pin u10/Bsrc_out_reg[1]/G is not reached by a timing clock
Related violations: <none>

TIMING-20#9 Warning
Non-clocked latch  
The latch u10/Bsrc_out_reg[2] cannot be properly analyzed as its control pin u10/Bsrc_out_reg[2]/G is not reached by a timing clock
Related violations: <none>

TIMING-20#10 Warning
Non-clocked latch  
The latch u10/Bsrc_out_reg[3] cannot be properly analyzed as its control pin u10/Bsrc_out_reg[3]/G is not reached by a timing clock
Related violations: <none>

TIMING-20#11 Warning
Non-clocked latch  
The latch u10/Bsrc_out_reg[4] cannot be properly analyzed as its control pin u10/Bsrc_out_reg[4]/G is not reached by a timing clock
Related violations: <none>

TIMING-20#12 Warning
Non-clocked latch  
The latch u10/Bsrc_out_reg[5] cannot be properly analyzed as its control pin u10/Bsrc_out_reg[5]/G is not reached by a timing clock
Related violations: <none>

TIMING-20#13 Warning
Non-clocked latch  
The latch u10/Bsrc_out_reg[6] cannot be properly analyzed as its control pin u10/Bsrc_out_reg[6]/G is not reached by a timing clock
Related violations: <none>

TIMING-20#14 Warning
Non-clocked latch  
The latch u10/Bsrc_out_reg[7] cannot be properly analyzed as its control pin u10/Bsrc_out_reg[7]/G is not reached by a timing clock
Related violations: <none>

TIMING-20#15 Warning
Non-clocked latch  
The latch u10/Bsrc_out_reg[8] cannot be properly analyzed as its control pin u10/Bsrc_out_reg[8]/G is not reached by a timing clock
Related violations: <none>

TIMING-20#16 Warning
Non-clocked latch  
The latch u10/Bsrc_out_reg[9] cannot be properly analyzed as its control pin u10/Bsrc_out_reg[9]/G is not reached by a timing clock
Related violations: <none>

TIMING-20#17 Warning
Non-clocked latch  
The latch u16/PC_out_reg[0] cannot be properly analyzed as its control pin u16/PC_out_reg[0]/G is not reached by a timing clock
Related violations: <none>

TIMING-20#18 Warning
Non-clocked latch  
The latch u16/PC_out_reg[10] cannot be properly analyzed as its control pin u16/PC_out_reg[10]/G is not reached by a timing clock
Related violations: <none>

TIMING-20#19 Warning
Non-clocked latch  
The latch u16/PC_out_reg[11] cannot be properly analyzed as its control pin u16/PC_out_reg[11]/G is not reached by a timing clock
Related violations: <none>

TIMING-20#20 Warning
Non-clocked latch  
The latch u16/PC_out_reg[12] cannot be properly analyzed as its control pin u16/PC_out_reg[12]/G is not reached by a timing clock
Related violations: <none>

TIMING-20#21 Warning
Non-clocked latch  
The latch u16/PC_out_reg[13] cannot be properly analyzed as its control pin u16/PC_out_reg[13]/G is not reached by a timing clock
Related violations: <none>

TIMING-20#22 Warning
Non-clocked latch  
The latch u16/PC_out_reg[14] cannot be properly analyzed as its control pin u16/PC_out_reg[14]/G is not reached by a timing clock
Related violations: <none>

TIMING-20#23 Warning
Non-clocked latch  
The latch u16/PC_out_reg[15] cannot be properly analyzed as its control pin u16/PC_out_reg[15]/G is not reached by a timing clock
Related violations: <none>

TIMING-20#24 Warning
Non-clocked latch  
The latch u16/PC_out_reg[1] cannot be properly analyzed as its control pin u16/PC_out_reg[1]/G is not reached by a timing clock
Related violations: <none>

TIMING-20#25 Warning
Non-clocked latch  
The latch u16/PC_out_reg[2] cannot be properly analyzed as its control pin u16/PC_out_reg[2]/G is not reached by a timing clock
Related violations: <none>

TIMING-20#26 Warning
Non-clocked latch  
The latch u16/PC_out_reg[3] cannot be properly analyzed as its control pin u16/PC_out_reg[3]/G is not reached by a timing clock
Related violations: <none>

TIMING-20#27 Warning
Non-clocked latch  
The latch u16/PC_out_reg[4] cannot be properly analyzed as its control pin u16/PC_out_reg[4]/G is not reached by a timing clock
Related violations: <none>

TIMING-20#28 Warning
Non-clocked latch  
The latch u16/PC_out_reg[5] cannot be properly analyzed as its control pin u16/PC_out_reg[5]/G is not reached by a timing clock
Related violations: <none>

TIMING-20#29 Warning
Non-clocked latch  
The latch u16/PC_out_reg[6] cannot be properly analyzed as its control pin u16/PC_out_reg[6]/G is not reached by a timing clock
Related violations: <none>

TIMING-20#30 Warning
Non-clocked latch  
The latch u16/PC_out_reg[7] cannot be properly analyzed as its control pin u16/PC_out_reg[7]/G is not reached by a timing clock
Related violations: <none>

TIMING-20#31 Warning
Non-clocked latch  
The latch u16/PC_out_reg[8] cannot be properly analyzed as its control pin u16/PC_out_reg[8]/G is not reached by a timing clock
Related violations: <none>

TIMING-20#32 Warning
Non-clocked latch  
The latch u16/PC_out_reg[9] cannot be properly analyzed as its control pin u16/PC_out_reg[9]/G is not reached by a timing clock
Related violations: <none>

TIMING-20#33 Warning
Non-clocked latch  
The latch u26/WriteData_out_reg[0] cannot be properly analyzed as its control pin u26/WriteData_out_reg[0]/G is not reached by a timing clock
Related violations: <none>

TIMING-20#34 Warning
Non-clocked latch  
The latch u26/WriteData_out_reg[10] cannot be properly analyzed as its control pin u26/WriteData_out_reg[10]/G is not reached by a timing clock
Related violations: <none>

TIMING-20#35 Warning
Non-clocked latch  
The latch u26/WriteData_out_reg[11] cannot be properly analyzed as its control pin u26/WriteData_out_reg[11]/G is not reached by a timing clock
Related violations: <none>

TIMING-20#36 Warning
Non-clocked latch  
The latch u26/WriteData_out_reg[12] cannot be properly analyzed as its control pin u26/WriteData_out_reg[12]/G is not reached by a timing clock
Related violations: <none>

TIMING-20#37 Warning
Non-clocked latch  
The latch u26/WriteData_out_reg[13] cannot be properly analyzed as its control pin u26/WriteData_out_reg[13]/G is not reached by a timing clock
Related violations: <none>

TIMING-20#38 Warning
Non-clocked latch  
The latch u26/WriteData_out_reg[14] cannot be properly analyzed as its control pin u26/WriteData_out_reg[14]/G is not reached by a timing clock
Related violations: <none>

TIMING-20#39 Warning
Non-clocked latch  
The latch u26/WriteData_out_reg[15] cannot be properly analyzed as its control pin u26/WriteData_out_reg[15]/G is not reached by a timing clock
Related violations: <none>

TIMING-20#40 Warning
Non-clocked latch  
The latch u26/WriteData_out_reg[1] cannot be properly analyzed as its control pin u26/WriteData_out_reg[1]/G is not reached by a timing clock
Related violations: <none>

TIMING-20#41 Warning
Non-clocked latch  
The latch u26/WriteData_out_reg[2] cannot be properly analyzed as its control pin u26/WriteData_out_reg[2]/G is not reached by a timing clock
Related violations: <none>

TIMING-20#42 Warning
Non-clocked latch  
The latch u26/WriteData_out_reg[3] cannot be properly analyzed as its control pin u26/WriteData_out_reg[3]/G is not reached by a timing clock
Related violations: <none>

TIMING-20#43 Warning
Non-clocked latch  
The latch u26/WriteData_out_reg[4] cannot be properly analyzed as its control pin u26/WriteData_out_reg[4]/G is not reached by a timing clock
Related violations: <none>

TIMING-20#44 Warning
Non-clocked latch  
The latch u26/WriteData_out_reg[5] cannot be properly analyzed as its control pin u26/WriteData_out_reg[5]/G is not reached by a timing clock
Related violations: <none>

TIMING-20#45 Warning
Non-clocked latch  
The latch u26/WriteData_out_reg[6] cannot be properly analyzed as its control pin u26/WriteData_out_reg[6]/G is not reached by a timing clock
Related violations: <none>

TIMING-20#46 Warning
Non-clocked latch  
The latch u26/WriteData_out_reg[7] cannot be properly analyzed as its control pin u26/WriteData_out_reg[7]/G is not reached by a timing clock
Related violations: <none>

TIMING-20#47 Warning
Non-clocked latch  
The latch u26/WriteData_out_reg[8] cannot be properly analyzed as its control pin u26/WriteData_out_reg[8]/G is not reached by a timing clock
Related violations: <none>

TIMING-20#48 Warning
Non-clocked latch  
The latch u26/WriteData_out_reg[9] cannot be properly analyzed as its control pin u26/WriteData_out_reg[9]/G is not reached by a timing clock
Related violations: <none>

TIMING-20#49 Warning
Non-clocked latch  
The latch u5/MFPC_out_reg cannot be properly analyzed as its control pin u5/MFPC_out_reg/G is not reached by a timing clock
Related violations: <none>

TIMING-20#50 Warning
Non-clocked latch  
The latch u5/controller_out_reg[0] cannot be properly analyzed as its control pin u5/controller_out_reg[0]/G is not reached by a timing clock
Related violations: <none>

TIMING-20#51 Warning
Non-clocked latch  
The latch u5/controller_out_reg[10] cannot be properly analyzed as its control pin u5/controller_out_reg[10]/G is not reached by a timing clock
Related violations: <none>

TIMING-20#52 Warning
Non-clocked latch  
The latch u5/controller_out_reg[11] cannot be properly analyzed as its control pin u5/controller_out_reg[11]/G is not reached by a timing clock
Related violations: <none>

TIMING-20#53 Warning
Non-clocked latch  
The latch u5/controller_out_reg[12] cannot be properly analyzed as its control pin u5/controller_out_reg[12]/G is not reached by a timing clock
Related violations: <none>

TIMING-20#54 Warning
Non-clocked latch  
The latch u5/controller_out_reg[13] cannot be properly analyzed as its control pin u5/controller_out_reg[13]/G is not reached by a timing clock
Related violations: <none>

TIMING-20#55 Warning
Non-clocked latch  
The latch u5/controller_out_reg[14] cannot be properly analyzed as its control pin u5/controller_out_reg[14]/G is not reached by a timing clock
Related violations: <none>

TIMING-20#56 Warning
Non-clocked latch  
The latch u5/controller_out_reg[15] cannot be properly analyzed as its control pin u5/controller_out_reg[15]/G is not reached by a timing clock
Related violations: <none>

TIMING-20#57 Warning
Non-clocked latch  
The latch u5/controller_out_reg[16] cannot be properly analyzed as its control pin u5/controller_out_reg[16]/G is not reached by a timing clock
Related violations: <none>

TIMING-20#58 Warning
Non-clocked latch  
The latch u5/controller_out_reg[17] cannot be properly analyzed as its control pin u5/controller_out_reg[17]/G is not reached by a timing clock
Related violations: <none>

TIMING-20#59 Warning
Non-clocked latch  
The latch u5/controller_out_reg[18] cannot be properly analyzed as its control pin u5/controller_out_reg[18]/G is not reached by a timing clock
Related violations: <none>

TIMING-20#60 Warning
Non-clocked latch  
The latch u5/controller_out_reg[19] cannot be properly analyzed as its control pin u5/controller_out_reg[19]/G is not reached by a timing clock
Related violations: <none>

TIMING-20#61 Warning
Non-clocked latch  
The latch u5/controller_out_reg[1] cannot be properly analyzed as its control pin u5/controller_out_reg[1]/G is not reached by a timing clock
Related violations: <none>

TIMING-20#62 Warning
Non-clocked latch  
The latch u5/controller_out_reg[20] cannot be properly analyzed as its control pin u5/controller_out_reg[20]/G is not reached by a timing clock
Related violations: <none>

TIMING-20#63 Warning
Non-clocked latch  
The latch u5/controller_out_reg[21] cannot be properly analyzed as its control pin u5/controller_out_reg[21]/G is not reached by a timing clock
Related violations: <none>

TIMING-20#64 Warning
Non-clocked latch  
The latch u5/controller_out_reg[22] cannot be properly analyzed as its control pin u5/controller_out_reg[22]/G is not reached by a timing clock
Related violations: <none>

TIMING-20#65 Warning
Non-clocked latch  
The latch u5/controller_out_reg[23] cannot be properly analyzed as its control pin u5/controller_out_reg[23]/G is not reached by a timing clock
Related violations: <none>

TIMING-20#66 Warning
Non-clocked latch  
The latch u5/controller_out_reg[2] cannot be properly analyzed as its control pin u5/controller_out_reg[2]/G is not reached by a timing clock
Related violations: <none>

TIMING-20#67 Warning
Non-clocked latch  
The latch u5/controller_out_reg[3] cannot be properly analyzed as its control pin u5/controller_out_reg[3]/G is not reached by a timing clock
Related violations: <none>

TIMING-20#68 Warning
Non-clocked latch  
The latch u5/controller_out_reg[4] cannot be properly analyzed as its control pin u5/controller_out_reg[4]/G is not reached by a timing clock
Related violations: <none>

TIMING-20#69 Warning
Non-clocked latch  
The latch u5/controller_out_reg[5] cannot be properly analyzed as its control pin u5/controller_out_reg[5]/G is not reached by a timing clock
Related violations: <none>

TIMING-20#70 Warning
Non-clocked latch  
The latch u5/controller_out_reg[6] cannot be properly analyzed as its control pin u5/controller_out_reg[6]/G is not reached by a timing clock
Related violations: <none>

TIMING-20#71 Warning
Non-clocked latch  
The latch u5/controller_out_reg[7] cannot be properly analyzed as its control pin u5/controller_out_reg[7]/G is not reached by a timing clock
Related violations: <none>

TIMING-20#72 Warning
Non-clocked latch  
The latch u5/controller_out_reg[8] cannot be properly analyzed as its control pin u5/controller_out_reg[8]/G is not reached by a timing clock
Related violations: <none>

TIMING-20#73 Warning
Non-clocked latch  
The latch u5/controller_out_reg[9] cannot be properly analyzed as its control pin u5/controller_out_reg[9]/G is not reached by a timing clock
Related violations: <none>

TIMING-20#74 Warning
Non-clocked latch  
The latch u6/ReadData1_reg[0] cannot be properly analyzed as its control pin u6/ReadData1_reg[0]/G is not reached by a timing clock
Related violations: <none>

TIMING-20#75 Warning
Non-clocked latch  
The latch u6/ReadData1_reg[10] cannot be properly analyzed as its control pin u6/ReadData1_reg[10]/G is not reached by a timing clock
Related violations: <none>

TIMING-20#76 Warning
Non-clocked latch  
The latch u6/ReadData1_reg[11] cannot be properly analyzed as its control pin u6/ReadData1_reg[11]/G is not reached by a timing clock
Related violations: <none>

TIMING-20#77 Warning
Non-clocked latch  
The latch u6/ReadData1_reg[12] cannot be properly analyzed as its control pin u6/ReadData1_reg[12]/G is not reached by a timing clock
Related violations: <none>

TIMING-20#78 Warning
Non-clocked latch  
The latch u6/ReadData1_reg[13] cannot be properly analyzed as its control pin u6/ReadData1_reg[13]/G is not reached by a timing clock
Related violations: <none>

TIMING-20#79 Warning
Non-clocked latch  
The latch u6/ReadData1_reg[14] cannot be properly analyzed as its control pin u6/ReadData1_reg[14]/G is not reached by a timing clock
Related violations: <none>

TIMING-20#80 Warning
Non-clocked latch  
The latch u6/ReadData1_reg[15] cannot be properly analyzed as its control pin u6/ReadData1_reg[15]/G is not reached by a timing clock
Related violations: <none>

TIMING-20#81 Warning
Non-clocked latch  
The latch u6/ReadData1_reg[1] cannot be properly analyzed as its control pin u6/ReadData1_reg[1]/G is not reached by a timing clock
Related violations: <none>

TIMING-20#82 Warning
Non-clocked latch  
The latch u6/ReadData1_reg[2] cannot be properly analyzed as its control pin u6/ReadData1_reg[2]/G is not reached by a timing clock
Related violations: <none>

TIMING-20#83 Warning
Non-clocked latch  
The latch u6/ReadData1_reg[3] cannot be properly analyzed as its control pin u6/ReadData1_reg[3]/G is not reached by a timing clock
Related violations: <none>

TIMING-20#84 Warning
Non-clocked latch  
The latch u6/ReadData1_reg[4] cannot be properly analyzed as its control pin u6/ReadData1_reg[4]/G is not reached by a timing clock
Related violations: <none>

TIMING-20#85 Warning
Non-clocked latch  
The latch u6/ReadData1_reg[5] cannot be properly analyzed as its control pin u6/ReadData1_reg[5]/G is not reached by a timing clock
Related violations: <none>

TIMING-20#86 Warning
Non-clocked latch  
The latch u6/ReadData1_reg[6] cannot be properly analyzed as its control pin u6/ReadData1_reg[6]/G is not reached by a timing clock
Related violations: <none>

TIMING-20#87 Warning
Non-clocked latch  
The latch u6/ReadData1_reg[7] cannot be properly analyzed as its control pin u6/ReadData1_reg[7]/G is not reached by a timing clock
Related violations: <none>

TIMING-20#88 Warning
Non-clocked latch  
The latch u6/ReadData1_reg[8] cannot be properly analyzed as its control pin u6/ReadData1_reg[8]/G is not reached by a timing clock
Related violations: <none>

TIMING-20#89 Warning
Non-clocked latch  
The latch u6/ReadData1_reg[9] cannot be properly analyzed as its control pin u6/ReadData1_reg[9]/G is not reached by a timing clock
Related violations: <none>

TIMING-20#90 Warning
Non-clocked latch  
The latch u6/ReadData2_reg[0] cannot be properly analyzed as its control pin u6/ReadData2_reg[0]/G is not reached by a timing clock
Related violations: <none>

TIMING-20#91 Warning
Non-clocked latch  
The latch u6/ReadData2_reg[10] cannot be properly analyzed as its control pin u6/ReadData2_reg[10]/G is not reached by a timing clock
Related violations: <none>

TIMING-20#92 Warning
Non-clocked latch  
The latch u6/ReadData2_reg[11] cannot be properly analyzed as its control pin u6/ReadData2_reg[11]/G is not reached by a timing clock
Related violations: <none>

TIMING-20#93 Warning
Non-clocked latch  
The latch u6/ReadData2_reg[12] cannot be properly analyzed as its control pin u6/ReadData2_reg[12]/G is not reached by a timing clock
Related violations: <none>

TIMING-20#94 Warning
Non-clocked latch  
The latch u6/ReadData2_reg[13] cannot be properly analyzed as its control pin u6/ReadData2_reg[13]/G is not reached by a timing clock
Related violations: <none>

TIMING-20#95 Warning
Non-clocked latch  
The latch u6/ReadData2_reg[14] cannot be properly analyzed as its control pin u6/ReadData2_reg[14]/G is not reached by a timing clock
Related violations: <none>

TIMING-20#96 Warning
Non-clocked latch  
The latch u6/ReadData2_reg[15] cannot be properly analyzed as its control pin u6/ReadData2_reg[15]/G is not reached by a timing clock
Related violations: <none>

TIMING-20#97 Warning
Non-clocked latch  
The latch u6/ReadData2_reg[1] cannot be properly analyzed as its control pin u6/ReadData2_reg[1]/G is not reached by a timing clock
Related violations: <none>

TIMING-20#98 Warning
Non-clocked latch  
The latch u6/ReadData2_reg[2] cannot be properly analyzed as its control pin u6/ReadData2_reg[2]/G is not reached by a timing clock
Related violations: <none>

TIMING-20#99 Warning
Non-clocked latch  
The latch u6/ReadData2_reg[3] cannot be properly analyzed as its control pin u6/ReadData2_reg[3]/G is not reached by a timing clock
Related violations: <none>

TIMING-20#100 Warning
Non-clocked latch  
The latch u6/ReadData2_reg[4] cannot be properly analyzed as its control pin u6/ReadData2_reg[4]/G is not reached by a timing clock
Related violations: <none>

TIMING-20#101 Warning
Non-clocked latch  
The latch u6/ReadData2_reg[5] cannot be properly analyzed as its control pin u6/ReadData2_reg[5]/G is not reached by a timing clock
Related violations: <none>

TIMING-20#102 Warning
Non-clocked latch  
The latch u6/ReadData2_reg[6] cannot be properly analyzed as its control pin u6/ReadData2_reg[6]/G is not reached by a timing clock
Related violations: <none>

TIMING-20#103 Warning
Non-clocked latch  
The latch u6/ReadData2_reg[7] cannot be properly analyzed as its control pin u6/ReadData2_reg[7]/G is not reached by a timing clock
Related violations: <none>

TIMING-20#104 Warning
Non-clocked latch  
The latch u6/ReadData2_reg[8] cannot be properly analyzed as its control pin u6/ReadData2_reg[8]/G is not reached by a timing clock
Related violations: <none>

TIMING-20#105 Warning
Non-clocked latch  
The latch u6/ReadData2_reg[9] cannot be properly analyzed as its control pin u6/ReadData2_reg[9]/G is not reached by a timing clock
Related violations: <none>

TIMING-20#106 Warning
Non-clocked latch  
The latch u60/MUX_BJ_out_reg[0] cannot be properly analyzed as its control pin u60/MUX_BJ_out_reg[0]/G is not reached by a timing clock
Related violations: <none>

TIMING-20#107 Warning
Non-clocked latch  
The latch u60/MUX_BJ_out_reg[10] cannot be properly analyzed as its control pin u60/MUX_BJ_out_reg[10]/G is not reached by a timing clock
Related violations: <none>

TIMING-20#108 Warning
Non-clocked latch  
The latch u60/MUX_BJ_out_reg[11] cannot be properly analyzed as its control pin u60/MUX_BJ_out_reg[11]/G is not reached by a timing clock
Related violations: <none>

TIMING-20#109 Warning
Non-clocked latch  
The latch u60/MUX_BJ_out_reg[12] cannot be properly analyzed as its control pin u60/MUX_BJ_out_reg[12]/G is not reached by a timing clock
Related violations: <none>

TIMING-20#110 Warning
Non-clocked latch  
The latch u60/MUX_BJ_out_reg[13] cannot be properly analyzed as its control pin u60/MUX_BJ_out_reg[13]/G is not reached by a timing clock
Related violations: <none>

TIMING-20#111 Warning
Non-clocked latch  
The latch u60/MUX_BJ_out_reg[14] cannot be properly analyzed as its control pin u60/MUX_BJ_out_reg[14]/G is not reached by a timing clock
Related violations: <none>

TIMING-20#112 Warning
Non-clocked latch  
The latch u60/MUX_BJ_out_reg[15] cannot be properly analyzed as its control pin u60/MUX_BJ_out_reg[15]/G is not reached by a timing clock
Related violations: <none>

TIMING-20#113 Warning
Non-clocked latch  
The latch u60/MUX_BJ_out_reg[1] cannot be properly analyzed as its control pin u60/MUX_BJ_out_reg[1]/G is not reached by a timing clock
Related violations: <none>

TIMING-20#114 Warning
Non-clocked latch  
The latch u60/MUX_BJ_out_reg[2] cannot be properly analyzed as its control pin u60/MUX_BJ_out_reg[2]/G is not reached by a timing clock
Related violations: <none>

TIMING-20#115 Warning
Non-clocked latch  
The latch u60/MUX_BJ_out_reg[3] cannot be properly analyzed as its control pin u60/MUX_BJ_out_reg[3]/G is not reached by a timing clock
Related violations: <none>

TIMING-20#116 Warning
Non-clocked latch  
The latch u60/MUX_BJ_out_reg[4] cannot be properly analyzed as its control pin u60/MUX_BJ_out_reg[4]/G is not reached by a timing clock
Related violations: <none>

TIMING-20#117 Warning
Non-clocked latch  
The latch u60/MUX_BJ_out_reg[5] cannot be properly analyzed as its control pin u60/MUX_BJ_out_reg[5]/G is not reached by a timing clock
Related violations: <none>

TIMING-20#118 Warning
Non-clocked latch  
The latch u60/MUX_BJ_out_reg[6] cannot be properly analyzed as its control pin u60/MUX_BJ_out_reg[6]/G is not reached by a timing clock
Related violations: <none>

TIMING-20#119 Warning
Non-clocked latch  
The latch u60/MUX_BJ_out_reg[7] cannot be properly analyzed as its control pin u60/MUX_BJ_out_reg[7]/G is not reached by a timing clock
Related violations: <none>

TIMING-20#120 Warning
Non-clocked latch  
The latch u60/MUX_BJ_out_reg[8] cannot be properly analyzed as its control pin u60/MUX_BJ_out_reg[8]/G is not reached by a timing clock
Related violations: <none>

TIMING-20#121 Warning
Non-clocked latch  
The latch u60/MUX_BJ_out_reg[9] cannot be properly analyzed as its control pin u60/MUX_BJ_out_reg[9]/G is not reached by a timing clock
Related violations: <none>

TIMING-20#122 Warning
Non-clocked latch  
The latch u7/imme_out_reg[0] cannot be properly analyzed as its control pin u7/imme_out_reg[0]/G is not reached by a timing clock
Related violations: <none>

TIMING-20#123 Warning
Non-clocked latch  
The latch u7/imme_out_reg[10] cannot be properly analyzed as its control pin u7/imme_out_reg[10]/G is not reached by a timing clock
Related violations: <none>

TIMING-20#124 Warning
Non-clocked latch  
The latch u7/imme_out_reg[15] cannot be properly analyzed as its control pin u7/imme_out_reg[15]/G is not reached by a timing clock
Related violations: <none>

TIMING-20#125 Warning
Non-clocked latch  
The latch u7/imme_out_reg[1] cannot be properly analyzed as its control pin u7/imme_out_reg[1]/G is not reached by a timing clock
Related violations: <none>

TIMING-20#126 Warning
Non-clocked latch  
The latch u7/imme_out_reg[2] cannot be properly analyzed as its control pin u7/imme_out_reg[2]/G is not reached by a timing clock
Related violations: <none>

TIMING-20#127 Warning
Non-clocked latch  
The latch u7/imme_out_reg[3] cannot be properly analyzed as its control pin u7/imme_out_reg[3]/G is not reached by a timing clock
Related violations: <none>

TIMING-20#128 Warning
Non-clocked latch  
The latch u7/imme_out_reg[4] cannot be properly analyzed as its control pin u7/imme_out_reg[4]/G is not reached by a timing clock
Related violations: <none>

TIMING-20#129 Warning
Non-clocked latch  
The latch u7/imme_out_reg[5] cannot be properly analyzed as its control pin u7/imme_out_reg[5]/G is not reached by a timing clock
Related violations: <none>

TIMING-20#130 Warning
Non-clocked latch  
The latch u7/imme_out_reg[6] cannot be properly analyzed as its control pin u7/imme_out_reg[6]/G is not reached by a timing clock
Related violations: <none>

TIMING-20#131 Warning
Non-clocked latch  
The latch u7/imme_out_reg[7] cannot be properly analyzed as its control pin u7/imme_out_reg[7]/G is not reached by a timing clock
Related violations: <none>

TIMING-20#132 Warning
Non-clocked latch  
The latch u7/imme_out_reg[8] cannot be properly analyzed as its control pin u7/imme_out_reg[8]/G is not reached by a timing clock
Related violations: <none>

TIMING-20#133 Warning
Non-clocked latch  
The latch u7/imme_out_reg[9] cannot be properly analyzed as its control pin u7/imme_out_reg[9]/G is not reached by a timing clock
Related violations: <none>

TIMING-20#134 Warning
Non-clocked latch  
The latch u7/sign_reg cannot be properly analyzed as its control pin u7/sign_reg/G is not reached by a timing clock
Related violations: <none>

TIMING-20#135 Warning
Non-clocked latch  
The latch u9/Asrc_out_reg[0] cannot be properly analyzed as its control pin u9/Asrc_out_reg[0]/G is not reached by a timing clock
Related violations: <none>

TIMING-20#136 Warning
Non-clocked latch  
The latch u9/Asrc_out_reg[10] cannot be properly analyzed as its control pin u9/Asrc_out_reg[10]/G is not reached by a timing clock
Related violations: <none>

TIMING-20#137 Warning
Non-clocked latch  
The latch u9/Asrc_out_reg[11] cannot be properly analyzed as its control pin u9/Asrc_out_reg[11]/G is not reached by a timing clock
Related violations: <none>

TIMING-20#138 Warning
Non-clocked latch  
The latch u9/Asrc_out_reg[12] cannot be properly analyzed as its control pin u9/Asrc_out_reg[12]/G is not reached by a timing clock
Related violations: <none>

TIMING-20#139 Warning
Non-clocked latch  
The latch u9/Asrc_out_reg[13] cannot be properly analyzed as its control pin u9/Asrc_out_reg[13]/G is not reached by a timing clock
Related violations: <none>

TIMING-20#140 Warning
Non-clocked latch  
The latch u9/Asrc_out_reg[14] cannot be properly analyzed as its control pin u9/Asrc_out_reg[14]/G is not reached by a timing clock
Related violations: <none>

TIMING-20#141 Warning
Non-clocked latch  
The latch u9/Asrc_out_reg[15] cannot be properly analyzed as its control pin u9/Asrc_out_reg[15]/G is not reached by a timing clock
Related violations: <none>

TIMING-20#142 Warning
Non-clocked latch  
The latch u9/Asrc_out_reg[1] cannot be properly analyzed as its control pin u9/Asrc_out_reg[1]/G is not reached by a timing clock
Related violations: <none>

TIMING-20#143 Warning
Non-clocked latch  
The latch u9/Asrc_out_reg[2] cannot be properly analyzed as its control pin u9/Asrc_out_reg[2]/G is not reached by a timing clock
Related violations: <none>

TIMING-20#144 Warning
Non-clocked latch  
The latch u9/Asrc_out_reg[3] cannot be properly analyzed as its control pin u9/Asrc_out_reg[3]/G is not reached by a timing clock
Related violations: <none>

TIMING-20#145 Warning
Non-clocked latch  
The latch u9/Asrc_out_reg[4] cannot be properly analyzed as its control pin u9/Asrc_out_reg[4]/G is not reached by a timing clock
Related violations: <none>

TIMING-20#146 Warning
Non-clocked latch  
The latch u9/Asrc_out_reg[5] cannot be properly analyzed as its control pin u9/Asrc_out_reg[5]/G is not reached by a timing clock
Related violations: <none>

TIMING-20#147 Warning
Non-clocked latch  
The latch u9/Asrc_out_reg[6] cannot be properly analyzed as its control pin u9/Asrc_out_reg[6]/G is not reached by a timing clock
Related violations: <none>

TIMING-20#148 Warning
Non-clocked latch  
The latch u9/Asrc_out_reg[7] cannot be properly analyzed as its control pin u9/Asrc_out_reg[7]/G is not reached by a timing clock
Related violations: <none>

TIMING-20#149 Warning
Non-clocked latch  
The latch u9/Asrc_out_reg[8] cannot be properly analyzed as its control pin u9/Asrc_out_reg[8]/G is not reached by a timing clock
Related violations: <none>

TIMING-20#150 Warning
Non-clocked latch  
The latch u9/Asrc_out_reg[9] cannot be properly analyzed as its control pin u9/Asrc_out_reg[9]/G is not reached by a timing clock
Related violations: <none>


